---
title: ADD INDEX
summary: TiDB 数据库中 ADD INDEX 的使用概况。
aliases: ['/docs-cn/dev/reference/sql/statements/add-index/']
---

# ADD INDEX

`ALTER TABLE.. ADD INDEX` 语句用于在已有表中添加一个索引。在 TiDB 中，`ADD INDEX` 为在线操作，不会阻塞表中的数据读写。

## 语法图

**AlterTableStmt:**

![AlterTableStmt](/media/sqlgram/AlterTableStmt.png)

**AlterTableSpec:**

![AlterTableSpec](/media/sqlgram/AlterTableSpec.png)

**Constraint:**

![Constraint](/media/sqlgram/Constraint.png)

**ConstraintKeywordOpt:**

![ConstraintKeywordOpt](/media/sqlgram/ConstraintKeywordOpt.png)

**ConstraintElem:**

![ConstraintElem](/media/sqlgram/ConstraintElem.png)

**IndexNameAndTypeOpt:**

![IndexNameAndTypeOpt](/media/sqlgram/IndexNameAndTypeOpt.png)

**IndexPartSpecificationList:**

![IndexPartSpecificationList](/media/sqlgram/IndexPartSpecificationList.png)

**IndexPartSpecification:**

![IndexPartSpecification](/media/sqlgram/IndexPartSpecification.png)

**IndexOptionList:**

![IndexOptionList](/media/sqlgram/IndexOptionList.png)

**IndexOption:**

![IndexOption](/media/sqlgram/IndexOption.png)

**KeyOrIndex:**

![KeyOrIndex](/media/sqlgram/KeyOrIndex.png)

**IndexKeyTypeOpt:**

![IndexKeyTypeOpt](/media/sqlgram/IndexKeyTypeOpt.png)

**IndexInvisible:**

![IndexInvisible](/media/sqlgram/IndexInvisible.png)

**IndexTypeName:**

![IndexTypeName](/media/sqlgram/IndexTypeName.png)

## 示例

{{< copyable "sql" >}}

```sql
CREATE TABLE t1 (id INT NOT NULL PRIMARY KEY AUTO_INCREMENT, c1 INT NOT NULL);
```

```
Query OK, 0 rows affected (0.11 sec)
```

{{< copyable "sql" >}}

```sql
INSERT INTO t1 (c1) VALUES (1),(2),(3),(4),(5);
```

```
Query OK, 5 rows affected (0.03 sec)
Records: 5  Duplicates: 0  Warnings: 0
```

{{< copyable "sql" >}}

```sql
EXPLAIN SELECT * FROM t1 WHERE c1 = 3;
```

```
+-------------------------+----------+-----------+---------------+--------------------------------+
| id                      | estRows  | task      | access object | operator info                  |
+-------------------------+----------+-----------+---------------+--------------------------------+
| TableReader_7           | 10.00    | root      |               | data:Selection_6               |
| └─Selection_6           | 10.00    | cop[tikv] |               | eq(test.t1.c1, 3)              |
|   └─TableFullScan_5     | 10000.00 | cop[tikv] | table:t1      | keep order:false, stats:pseudo |
+-------------------------+----------+-----------+---------------+--------------------------------+
3 rows in set (0.00 sec)
```

{{< copyable "sql" >}}

```sql
ALTER TABLE t1 ADD INDEX (c1);
```

```
Query OK, 0 rows affected (0.30 sec)
```

{{< copyable "sql" >}}

```sql
EXPLAIN SELECT * FROM t1 WHERE c1 = 3;
```

```
+------------------------+---------+-----------+------------------------+---------------------------------------------+
| id                     | estRows | task      | access object          | operator info                               |
+------------------------+---------+-----------+------------------------+---------------------------------------------+
| IndexReader_6          | 0.01    | root      |                        | index:IndexRangeScan_5                      |
| └─IndexRangeScan_5     | 0.01    | cop[tikv] | table:t1, index:c1(c1) | range:[3,3], keep order:false, stats:pseudo |
+------------------------+---------+-----------+------------------------+---------------------------------------------+
2 rows in set (0.00 sec)
```

## MySQL 兼容性

* 不支持 `FULLTEXT`，`HASH` 和 `SPATIAL` 索引。
* 不支持 `VISIBLE/INVISIBLE` 索引（目前只有 master 分支上真正支持此功能）。
* 不支持降序索引（类似于 MySQL 5.7）。
* 目前尚不支持在一条中同时添加多个索引。
* 默认无法向表中添加 `PRIMARY KEY`，在开启 `alter-primary-key` 配置项后可支持此功能，详情可参考：[alter-primary-key](/tidb-configuration-file.md#alter-primary-key)。

## 另请参阅

* [索引的选择](/choose-index.md)
* [错误索引的解决方案](/wrong-index-solution.md)
* [CREATE INDEX](/sql-statements/sql-statement-create-index.md)
* [DROP INDEX](/sql-statements/sql-statement-drop-index.md)
* [RENAME INDEX](/sql-statements/sql-statement-rename-index.md)
* [ALTER INDEX](/sql-statements/sql-statement-alter-index.md)
* [ADD COLUMN](/sql-statements/sql-statement-add-column.md)
* [CREATE TABLE](/sql-statements/sql-statement-create-table.md)
* [EXPLAIN](/sql-statements/sql-statement-explain.md)
